2024-06-19 16:56:11.197  INFO 16155 --- [main] c.e.springsoap.SpringSoapApplication     : Starting SpringSoapApplication using Java 17.0.11 on liesvm with PID 16155 (/home/lies/Documents/dapp2024/ds_final_project/suppliers/ski_rental/target/classes started by lies in /home/lies/Documents/dapp2024/ds_final_project/suppliers/ski_rental)
2024-06-19 16:56:11.318  INFO 16155 --- [main] c.e.springsoap.SpringSoapApplication     : No active profile set, falling back to 1 default profile: "default"
2024-06-19 16:56:12.481  INFO 16155 --- [main] trationDelegate$BeanPostProcessorChecker : Bean 'webServiceConfig' of type [com.example.springsoap.WebServiceConfig$$EnhancerBySpringCGLIB$$f6636295] is not eligible for getting processed by all BeanPostProcessors (for example: not eligible for auto-proxying)
2024-06-19 16:56:12.482  INFO 16155 --- [main] trationDelegate$BeanPostProcessorChecker : Bean 'org.springframework.ws.config.annotation.DelegatingWsConfiguration' of type [org.springframework.ws.config.annotation.DelegatingWsConfiguration$$EnhancerBySpringCGLIB$$bbf5e807] is not eligible for getting processed by all BeanPostProcessors (for example: not eligible for auto-proxying)
2024-06-19 16:56:12.557  INFO 16155 --- [main] .w.s.a.s.AnnotationActionEndpointMapping : Supporting [WS-Addressing August 2004, WS-Addressing 1.0]
2024-06-19 16:56:13.101  INFO 16155 --- [main] o.s.b.w.embedded.tomcat.TomcatWebServer  : Tomcat initialized with port(s): 8095 (http)
2024-06-19 16:56:13.111  INFO 16155 --- [main] o.apache.catalina.core.StandardService   : Starting service [Tomcat]
2024-06-19 16:56:13.111  INFO 16155 --- [main] org.apache.catalina.core.StandardEngine  : Starting Servlet engine: [Apache Tomcat/9.0.65]
2024-06-19 16:56:13.213  INFO 16155 --- [main] o.a.c.c.C.[Tomcat].[localhost].[/]       : Initializing Spring embedded WebApplicationContext
2024-06-19 16:56:13.216  INFO 16155 --- [main] w.s.c.ServletWebServerApplicationContext : Root WebApplicationContext: initialization completed in 1623 ms
2024-06-19 16:56:13.755  INFO 16155 --- [main] o.s.b.w.embedded.tomcat.TomcatWebServer  : Tomcat started on port(s): 8095 (http) with context path ''
2024-06-19 16:56:13.773  INFO 16155 --- [main] c.e.springsoap.SpringSoapApplication     : Started SpringSoapApplication in 3.345 seconds (JVM running for 3.774)
2024-06-19 16:57:25.475  INFO 16548 --- [main] c.e.springsoap.SpringSoapApplication     : Starting SpringSoapApplication using Java 17.0.11 on liesvm with PID 16548 (/home/lies/Documents/dapp2024/ds_final_project/suppliers/ski_rental/target/classes started by lies in /home/lies/Documents/dapp2024/ds_final_project/suppliers/ski_rental)
2024-06-19 16:57:25.479  INFO 16548 --- [main] c.e.springsoap.SpringSoapApplication     : No active profile set, falling back to 1 default profile: "default"
2024-06-19 16:57:26.350  INFO 16548 --- [main] trationDelegate$BeanPostProcessorChecker : Bean 'webServiceConfig' of type [com.example.springsoap.WebServiceConfig$$EnhancerBySpringCGLIB$$9abe6350] is not eligible for getting processed by all BeanPostProcessors (for example: not eligible for auto-proxying)
2024-06-19 16:57:26.351  INFO 16548 --- [main] trationDelegate$BeanPostProcessorChecker : Bean 'org.springframework.ws.config.annotation.DelegatingWsConfiguration' of type [org.springframework.ws.config.annotation.DelegatingWsConfiguration$$EnhancerBySpringCGLIB$$6050e8c2] is not eligible for getting processed by all BeanPostProcessors (for example: not eligible for auto-proxying)
2024-06-19 16:57:26.441  INFO 16548 --- [main] .w.s.a.s.AnnotationActionEndpointMapping : Supporting [WS-Addressing August 2004, WS-Addressing 1.0]
2024-06-19 16:57:26.794  INFO 16548 --- [main] o.s.b.w.embedded.tomcat.TomcatWebServer  : Tomcat initialized with port(s): 8082 (http)
2024-06-19 16:57:26.805  INFO 16548 --- [main] o.apache.catalina.core.StandardService   : Starting service [Tomcat]
2024-06-19 16:57:26.805  INFO 16548 --- [main] org.apache.catalina.core.StandardEngine  : Starting Servlet engine: [Apache Tomcat/9.0.65]
2024-06-19 16:57:26.893  INFO 16548 --- [main] o.a.c.c.C.[Tomcat].[localhost].[/]       : Initializing Spring embedded WebApplicationContext
2024-06-19 16:57:26.894  INFO 16548 --- [main] w.s.c.ServletWebServerApplicationContext : Root WebApplicationContext: initialization completed in 1322 ms
2024-06-19 16:57:27.380  INFO 16548 --- [main] o.s.b.w.embedded.tomcat.TomcatWebServer  : Tomcat started on port(s): 8082 (http) with context path ''
2024-06-19 16:57:27.389  INFO 16548 --- [main] c.e.springsoap.SpringSoapApplication     : Started SpringSoapApplication in 2.418 seconds (JVM running for 2.894)
2024-06-19 16:57:36.685  INFO 16548 --- [http-nio-8082-exec-1] o.a.c.c.C.[Tomcat].[localhost].[/]       : Initializing Spring MessageDispatcherServlet 'messageDispatcherServlet'
2024-06-19 16:57:36.685  INFO 16548 --- [http-nio-8082-exec-1] o.s.w.t.http.MessageDispatcherServlet    : Initializing Servlet 'messageDispatcherServlet'
2024-06-19 16:57:36.690  INFO 16548 --- [http-nio-8082-exec-1] o.s.ws.soap.saaj.SaajSoapMessageFactory  : Creating SAAJ 1.3 MessageFactory with SOAP 1.1 Protocol
2024-06-19 16:57:36.709  INFO 16548 --- [http-nio-8082-exec-1] o.s.w.t.http.MessageDispatcherServlet    : Completed initialization in 24 ms
2024-06-19 17:04:24.805  INFO 16548 --- [http-nio-8082-exec-3] c.example.springsoap.MaterialRepository  : 2PC - 4321 - Vote request received.
2024-06-19 17:04:24.807  INFO 16548 --- [http-nio-8082-exec-3] c.example.springsoap.MaterialRepository  : 2PC - Stock locked
2024-06-19 17:04:24.808  INFO 16548 --- [http-nio-8082-exec-3] c.example.springsoap.MaterialRepository  : 2PC - Stock locked
2024-06-19 17:04:24.808  INFO 16548 --- [http-nio-8082-exec-3] c.example.springsoap.MaterialRepository  : 2PC - Stock locked
2024-06-19 17:04:24.808  INFO 16548 --- [http-nio-8082-exec-3] c.example.springsoap.MaterialRepository  : 2PC - 4321 - Vote given: io.skirental.gt.webservice.Vote@6f6f98d2.
2024-06-19 17:04:38.728  INFO 16548 --- [http-nio-8082-exec-4] c.example.springsoap.MaterialRepository  : 2PC - 1234 - Received booking request with decision: GLOBAL_COMMIT.
2024-06-19 17:04:38.729 ERROR 16548 --- [http-nio-8082-exec-4] c.example.springsoap.MaterialRepository  : 2PC - 1234 - Insufficient stock for requested type SKIS for commit phase.
2024-06-19 17:05:12.369  INFO 16548 --- [http-nio-8082-exec-6] c.example.springsoap.MaterialRepository  : 2PC - 1234 - Received booking request with decision: GLOBAL_COMMIT.
2024-06-19 17:05:12.379  INFO 16548 --- [http-nio-8082-exec-6] c.example.springsoap.MaterialRepository  : 2PC - Changes made for transactionId: 1234
2024-06-19 17:05:23.438  INFO 16548 --- [http-nio-8082-exec-7] c.example.springsoap.MaterialRepository  : 2PC - 1234 - Received booking request with decision: GLOBAL_COMMIT.
2024-06-19 17:05:23.441  INFO 16548 --- [http-nio-8082-exec-7] c.example.springsoap.MaterialRepository  : 2PC - Changes made for transactionId: 1234
2024-06-19 17:06:15.972  INFO 16548 --- [http-nio-8082-exec-10] c.example.springsoap.MaterialRepository  : 2PC - 1234 - Received booking request with decision: GLOBAL_COMMIT.
2024-06-19 17:06:15.973  INFO 16548 --- [http-nio-8082-exec-10] c.example.springsoap.MaterialRepository  : 2PC - Changes made for transactionId: 1234
2024-06-19 17:07:46.458  INFO 17529 --- [main] c.e.springsoap.SpringSoapApplication     : Starting SpringSoapApplication using Java 17.0.11 on liesvm with PID 17529 (/home/lies/Documents/dapp2024/ds_final_project/suppliers/ski_rental/target/classes started by lies in /home/lies/Documents/dapp2024/ds_final_project/suppliers/ski_rental)
2024-06-19 17:07:46.464  INFO 17529 --- [main] c.e.springsoap.SpringSoapApplication     : No active profile set, falling back to 1 default profile: "default"
2024-06-19 17:07:47.715  INFO 17529 --- [main] trationDelegate$BeanPostProcessorChecker : Bean 'webServiceConfig' of type [com.example.springsoap.WebServiceConfig$$EnhancerBySpringCGLIB$$8a6c92c7] is not eligible for getting processed by all BeanPostProcessors (for example: not eligible for auto-proxying)
2024-06-19 17:07:47.716  INFO 17529 --- [main] trationDelegate$BeanPostProcessorChecker : Bean 'org.springframework.ws.config.annotation.DelegatingWsConfiguration' of type [org.springframework.ws.config.annotation.DelegatingWsConfiguration$$EnhancerBySpringCGLIB$$4fff1839] is not eligible for getting processed by all BeanPostProcessors (for example: not eligible for auto-proxying)
2024-06-19 17:07:47.815  INFO 17529 --- [main] .w.s.a.s.AnnotationActionEndpointMapping : Supporting [WS-Addressing August 2004, WS-Addressing 1.0]
2024-06-19 17:07:48.357  INFO 17529 --- [main] o.s.b.w.embedded.tomcat.TomcatWebServer  : Tomcat initialized with port(s): 8082 (http)
2024-06-19 17:07:48.370  INFO 17529 --- [main] o.apache.catalina.core.StandardService   : Starting service [Tomcat]
2024-06-19 17:07:48.370  INFO 17529 --- [main] org.apache.catalina.core.StandardEngine  : Starting Servlet engine: [Apache Tomcat/9.0.65]
2024-06-19 17:07:48.520  INFO 17529 --- [main] o.a.c.c.C.[Tomcat].[localhost].[/]       : Initializing Spring embedded WebApplicationContext
2024-06-19 17:07:48.521  INFO 17529 --- [main] w.s.c.ServletWebServerApplicationContext : Root WebApplicationContext: initialization completed in 1936 ms
2024-06-19 17:07:49.234  INFO 17529 --- [main] o.s.b.w.embedded.tomcat.TomcatWebServer  : Tomcat started on port(s): 8082 (http) with context path ''
2024-06-19 17:07:49.252  INFO 17529 --- [main] c.e.springsoap.SpringSoapApplication     : Started SpringSoapApplication in 3.641 seconds (JVM running for 6.178)
2024-06-19 17:08:12.021  INFO 17529 --- [http-nio-8082-exec-1] o.a.c.c.C.[Tomcat].[localhost].[/]       : Initializing Spring MessageDispatcherServlet 'messageDispatcherServlet'
2024-06-19 17:08:12.021  INFO 17529 --- [http-nio-8082-exec-1] o.s.w.t.http.MessageDispatcherServlet    : Initializing Servlet 'messageDispatcherServlet'
2024-06-19 17:08:12.084  INFO 17529 --- [http-nio-8082-exec-1] o.s.ws.soap.saaj.SaajSoapMessageFactory  : Creating SAAJ 1.3 MessageFactory with SOAP 1.1 Protocol
2024-06-19 17:08:12.386  INFO 17529 --- [http-nio-8082-exec-1] o.s.w.t.http.MessageDispatcherServlet    : Completed initialization in 365 ms
2024-06-19 17:08:13.619  INFO 17529 --- [http-nio-8082-exec-1] c.example.springsoap.MaterialRepository  : 2PC - 1234 - Received booking request with decision: GLOBAL_COMMIT.
2024-06-19 17:11:17.477  INFO 17529 --- [http-nio-8082-exec-1] c.example.springsoap.MaterialRepository  : 2PC - Changes made for transactionId: 1234
2024-06-19 17:12:01.370  INFO 17926 --- [main] c.e.springsoap.SpringSoapApplication     : Starting SpringSoapApplication using Java 17.0.11 on liesvm with PID 17926 (/home/lies/Documents/dapp2024/ds_final_project/suppliers/ski_rental/target/classes started by lies in /home/lies/Documents/dapp2024/ds_final_project/suppliers/ski_rental)
2024-06-19 17:12:01.372  INFO 17926 --- [main] c.e.springsoap.SpringSoapApplication     : No active profile set, falling back to 1 default profile: "default"
2024-06-19 17:12:02.654  INFO 17926 --- [main] trationDelegate$BeanPostProcessorChecker : Bean 'webServiceConfig' of type [com.example.springsoap.WebServiceConfig$$EnhancerBySpringCGLIB$$4a31138b] is not eligible for getting processed by all BeanPostProcessors (for example: not eligible for auto-proxying)
2024-06-19 17:12:02.655  INFO 17926 --- [main] trationDelegate$BeanPostProcessorChecker : Bean 'org.springframework.ws.config.annotation.DelegatingWsConfiguration' of type [org.springframework.ws.config.annotation.DelegatingWsConfiguration$$EnhancerBySpringCGLIB$$fc398fd] is not eligible for getting processed by all BeanPostProcessors (for example: not eligible for auto-proxying)
2024-06-19 17:12:02.709  INFO 17926 --- [main] .w.s.a.s.AnnotationActionEndpointMapping : Supporting [WS-Addressing August 2004, WS-Addressing 1.0]
2024-06-19 17:12:03.095  INFO 17926 --- [main] o.s.b.w.embedded.tomcat.TomcatWebServer  : Tomcat initialized with port(s): 8082 (http)
2024-06-19 17:12:03.114  INFO 17926 --- [main] o.apache.catalina.core.StandardService   : Starting service [Tomcat]
2024-06-19 17:12:03.115  INFO 17926 --- [main] org.apache.catalina.core.StandardEngine  : Starting Servlet engine: [Apache Tomcat/9.0.65]
2024-06-19 17:12:03.259  INFO 17926 --- [main] o.a.c.c.C.[Tomcat].[localhost].[/]       : Initializing Spring embedded WebApplicationContext
2024-06-19 17:12:03.260  INFO 17926 --- [main] w.s.c.ServletWebServerApplicationContext : Root WebApplicationContext: initialization completed in 1839 ms
2024-06-19 17:12:04.129  INFO 17926 --- [main] o.s.b.w.embedded.tomcat.TomcatWebServer  : Tomcat started on port(s): 8082 (http) with context path ''
2024-06-19 17:12:04.135  INFO 17926 --- [main] c.e.springsoap.SpringSoapApplication     : Started SpringSoapApplication in 2.977 seconds (JVM running for 3.228)
2024-06-19 17:12:24.862  INFO 17926 --- [http-nio-8082-exec-1] o.a.c.c.C.[Tomcat].[localhost].[/]       : Initializing Spring MessageDispatcherServlet 'messageDispatcherServlet'
2024-06-19 17:12:24.862  INFO 17926 --- [http-nio-8082-exec-1] o.s.w.t.http.MessageDispatcherServlet    : Initializing Servlet 'messageDispatcherServlet'
2024-06-19 17:12:24.870  INFO 17926 --- [http-nio-8082-exec-1] o.s.ws.soap.saaj.SaajSoapMessageFactory  : Creating SAAJ 1.3 MessageFactory with SOAP 1.1 Protocol
2024-06-19 17:12:24.893  INFO 17926 --- [http-nio-8082-exec-1] o.s.w.t.http.MessageDispatcherServlet    : Completed initialization in 30 ms
2024-06-19 17:12:25.244  INFO 17926 --- [http-nio-8082-exec-1] c.example.springsoap.MaterialRepository  : 2PC - 1234 - Received booking request with decision: GLOBAL_COMMIT.
2024-06-19 17:12:25.270  INFO 17926 --- [http-nio-8082-exec-1] c.example.springsoap.MaterialRepository  : 2PC - Changes made for transactionId: 1234
2024-06-19 17:12:59.683  INFO 17926 --- [http-nio-8082-exec-2] c.example.springsoap.MaterialRepository  : 2PC - 1234 - Rollback request received.
2024-06-19 17:12:59.686  INFO 17926 --- [http-nio-8082-exec-2] c.example.springsoap.MaterialRepository  : 2PC - 1234 - Rollback successful.
